<?xml version="1.0" encoding="UTF-8"?>
<testng-results skipped="0" failed="0" ignored="0" total="1" passed="1">
  <reporter-output>
  </reporter-output>
  <suite name="Default suite" duration-ms="37511" started-at="2020-01-20T06:48:20Z" finished-at="2020-01-20T06:48:58Z">
    <groups>
    </groups>
    <test name="Default test" duration-ms="37511" started-at="2020-01-20T06:48:20Z" finished-at="2020-01-20T06:48:58Z">
      <class name="com.training.sanity.tests.CYTC_36memberpayment">
        <test-method status="PASS" signature="setUpBeforeClass()[pri:0, instance:com.training.sanity.tests.CYTC_36memberpayment@6d4b1c02]" name="setUpBeforeClass" is-config="true" duration-ms="18" started-at="2020-01-20T06:48:20Z" finished-at="2020-01-20T06:48:20Z">
          <reporter-output>
          </reporter-output>
        </test-method> <!-- setUpBeforeClass -->
        <test-method status="PASS" signature="setUp()[pri:0, instance:com.training.sanity.tests.CYTC_36memberpayment@6d4b1c02]" name="setUp" is-config="true" duration-ms="14864" started-at="2020-01-20T06:48:20Z" finished-at="2020-01-20T06:48:35Z">
          <reporter-output>
          </reporter-output>
        </test-method> <!-- setUp -->
        <test-method status="PASS" signature="changePass()[pri:0, instance:com.training.sanity.tests.CYTC_36memberpayment@6d4b1c02]" name="changePass" duration-ms="20707" started-at="2020-01-20T06:48:35Z" finished-at="2020-01-20T06:48:56Z">
          <reporter-output>
          </reporter-output>
        </test-method> <!-- changePass -->
        <test-method status="PASS" signature="tearDown()[pri:0, instance:com.training.sanity.tests.CYTC_36memberpayment@6d4b1c02]" name="tearDown" is-config="true" duration-ms="1891" started-at="2020-01-20T06:48:56Z" finished-at="2020-01-20T06:48:58Z">
          <reporter-output>
          </reporter-output>
        </test-method> <!-- tearDown -->
      </class> <!-- com.training.sanity.tests.CYTC_36memberpayment -->
    </test> <!-- Default test -->
  </suite> <!-- Default suite -->
</testng-results>
